INFO JavaFX Application Thread com.zaxxer.hikari.HikariDataSource - HikariPool-1 - Starting...
INFO JavaFX Application Thread com.zaxxer.hikari.HikariDataSource - HikariPool-1 - Start completed.
INFO JavaFX Application Thread com.zaxxer.hikari.HikariDataSource - HikariPool-1 - Starting...
INFO JavaFX Application Thread com.zaxxer.hikari.HikariDataSource - HikariPool-1 - Start completed.
INFO JavaFX Application Thread com.zaxxer.hikari.HikariDataSource - HikariPool-1 - Starting...
INFO JavaFX Application Thread com.zaxxer.hikari.HikariDataSource - HikariPool-1 - Start completed.
INFO JavaFX Application Thread com.zaxxer.hikari.HikariDataSource - HikariPool-1 - Starting...
ERROR JavaFX Application Thread com.zaxxer.hikari.pool.HikariPool - HikariPool-1 - Exception during pool initialization.
java.sql.SQLNonTransientConnectionException: Could not connect to address=(host=localhost)(port=3306)(type=master) : Socket fail to connect to host:localhost, port:3306. Connection refused
	at org.mariadb.jdbc.internal.util.exceptions.ExceptionMapper.get(ExceptionMapper.java:241)
	at org.mariadb.jdbc.internal.protocol.AbstractConnectProtocol.connectWithoutProxy(AbstractConnectProtocol.java:1243)
	at org.mariadb.jdbc.internal.util.Utils.retrieveProxy(Utils.java:622)
	at org.mariadb.jdbc.MariaDbConnection.newConnection(MariaDbConnection.java:142)
	at org.mariadb.jdbc.Driver.connect(Driver.java:86)
	at com.zaxxer.hikari.util.DriverDataSource.getConnection(DriverDataSource.java:138)
	at com.zaxxer.hikari.pool.PoolBase.newConnection(PoolBase.java:354)
	at com.zaxxer.hikari.pool.PoolBase.newPoolEntry(PoolBase.java:202)
	at com.zaxxer.hikari.pool.HikariPool.createPoolEntry(HikariPool.java:473)
	at com.zaxxer.hikari.pool.HikariPool.checkFailFast(HikariPool.java:554)
	at com.zaxxer.hikari.pool.HikariPool.<init>(HikariPool.java:115)
	at com.zaxxer.hikari.HikariDataSource.<init>(HikariDataSource.java:81)
	at it.polito.tdp.ruzzle.db.DBConnect.getConnection(DBConnect.java:24)
	at it.polito.tdp.ruzzle.db.DizionarioDAO.listParola(DizionarioDAO.java:23)
	at it.polito.tdp.ruzzle.model.Model.<init>(Model.java:20)
	at it.polito.tdp.ruzzle.EntryPoint.start(EntryPoint.java:19)
	at com.sun.javafx.application.LauncherImpl.lambda$launchApplication1$9(LauncherImpl.java:846)
	at com.sun.javafx.application.PlatformImpl.lambda$runAndWait$12(PlatformImpl.java:455)
	at com.sun.javafx.application.PlatformImpl.lambda$runLater$10(PlatformImpl.java:428)
	at java.base/java.security.AccessController.doPrivileged(AccessController.java:391)
	at com.sun.javafx.application.PlatformImpl.lambda$runLater$11(PlatformImpl.java:427)
	at com.sun.glass.ui.InvokeLaterDispatcher$Future.run(InvokeLaterDispatcher.java:96)
Caused by: java.sql.SQLNonTransientConnectionException: Socket fail to connect to host:localhost, port:3306. Connection refused
	at org.mariadb.jdbc.internal.util.exceptions.ExceptionMapper.get(ExceptionMapper.java:241)
	at org.mariadb.jdbc.internal.util.exceptions.ExceptionMapper.connException(ExceptionMapper.java:87)
	at org.mariadb.jdbc.internal.protocol.AbstractConnectProtocol.createSocket(AbstractConnectProtocol.java:218)
	at org.mariadb.jdbc.internal.protocol.AbstractConnectProtocol.createConnection(AbstractConnectProtocol.java:474)
	at org.mariadb.jdbc.internal.protocol.AbstractConnectProtocol.connectWithoutProxy(AbstractConnectProtocol.java:1238)
	... 20 more
Caused by: java.net.ConnectException: Connection refused
	at java.base/sun.nio.ch.Net.pollConnect(Native Method)
	at java.base/sun.nio.ch.Net.pollConnectNow(Net.java:660)
	at java.base/sun.nio.ch.NioSocketImpl.timedFinishConnect(NioSocketImpl.java:542)
	at java.base/sun.nio.ch.NioSocketImpl.connect(NioSocketImpl.java:597)
	at java.base/java.net.SocksSocketImpl.connect(SocksSocketImpl.java:333)
	at java.base/java.net.Socket.connect(Socket.java:648)
	at org.mariadb.jdbc.internal.protocol.AbstractConnectProtocol.createSocket(AbstractConnectProtocol.java:213)
	... 22 more
INFO JavaFX Application Thread com.zaxxer.hikari.HikariDataSource - HikariPool-1 - Starting...
ERROR JavaFX Application Thread com.zaxxer.hikari.pool.HikariPool - HikariPool-1 - Exception during pool initialization.
java.sql.SQLInvalidAuthorizationSpecException: Could not connect to address=(host=localhost)(port=3306)(type=master) : Access denied for user 'root'@'localhost' (using password: YES)
Current charset is UTF-8. If password has been set using other charset, consider using option 'passwordCharacterEncoding'
	at org.mariadb.jdbc.internal.util.exceptions.ExceptionMapper.get(ExceptionMapper.java:239)
	at org.mariadb.jdbc.internal.protocol.AbstractConnectProtocol.connectWithoutProxy(AbstractConnectProtocol.java:1243)
	at org.mariadb.jdbc.internal.util.Utils.retrieveProxy(Utils.java:622)
	at org.mariadb.jdbc.MariaDbConnection.newConnection(MariaDbConnection.java:142)
	at org.mariadb.jdbc.Driver.connect(Driver.java:86)
	at com.zaxxer.hikari.util.DriverDataSource.getConnection(DriverDataSource.java:138)
	at com.zaxxer.hikari.pool.PoolBase.newConnection(PoolBase.java:354)
	at com.zaxxer.hikari.pool.PoolBase.newPoolEntry(PoolBase.java:202)
	at com.zaxxer.hikari.pool.HikariPool.createPoolEntry(HikariPool.java:473)
	at com.zaxxer.hikari.pool.HikariPool.checkFailFast(HikariPool.java:554)
	at com.zaxxer.hikari.pool.HikariPool.<init>(HikariPool.java:115)
	at com.zaxxer.hikari.HikariDataSource.<init>(HikariDataSource.java:81)
	at it.polito.tdp.ruzzle.db.DBConnect.getConnection(DBConnect.java:24)
	at it.polito.tdp.ruzzle.db.DizionarioDAO.listParola(DizionarioDAO.java:23)
	at it.polito.tdp.ruzzle.model.Model.<init>(Model.java:20)
	at it.polito.tdp.ruzzle.EntryPoint.start(EntryPoint.java:19)
	at com.sun.javafx.application.LauncherImpl.lambda$launchApplication1$9(LauncherImpl.java:846)
	at com.sun.javafx.application.PlatformImpl.lambda$runAndWait$12(PlatformImpl.java:455)
	at com.sun.javafx.application.PlatformImpl.lambda$runLater$10(PlatformImpl.java:428)
	at java.base/java.security.AccessController.doPrivileged(AccessController.java:391)
	at com.sun.javafx.application.PlatformImpl.lambda$runLater$11(PlatformImpl.java:427)
	at com.sun.glass.ui.InvokeLaterDispatcher$Future.run(InvokeLaterDispatcher.java:96)
Caused by: java.sql.SQLException: Access denied for user 'root'@'localhost' (using password: YES)
Current charset is UTF-8. If password has been set using other charset, consider using option 'passwordCharacterEncoding'
	at org.mariadb.jdbc.internal.protocol.AbstractConnectProtocol.authenticationHandler(AbstractConnectProtocol.java:726)
	at org.mariadb.jdbc.internal.protocol.AbstractConnectProtocol.createConnection(AbstractConnectProtocol.java:507)
	at org.mariadb.jdbc.internal.protocol.AbstractConnectProtocol.connectWithoutProxy(AbstractConnectProtocol.java:1238)
	... 20 more
INFO JavaFX Application Thread com.zaxxer.hikari.HikariDataSource - HikariPool-1 - Starting...
ERROR JavaFX Application Thread com.zaxxer.hikari.pool.HikariPool - HikariPool-1 - Exception during pool initialization.
java.sql.SQLSyntaxErrorException: Could not connect to address=(host=localhost)(port=3306)(type=master) : Unknown database 'dizionario'
	at org.mariadb.jdbc.internal.util.exceptions.ExceptionMapper.get(ExceptionMapper.java:243)
	at org.mariadb.jdbc.internal.protocol.AbstractConnectProtocol.connectWithoutProxy(AbstractConnectProtocol.java:1243)
	at org.mariadb.jdbc.internal.util.Utils.retrieveProxy(Utils.java:622)
	at org.mariadb.jdbc.MariaDbConnection.newConnection(MariaDbConnection.java:142)
	at org.mariadb.jdbc.Driver.connect(Driver.java:86)
	at com.zaxxer.hikari.util.DriverDataSource.getConnection(DriverDataSource.java:138)
	at com.zaxxer.hikari.pool.PoolBase.newConnection(PoolBase.java:354)
	at com.zaxxer.hikari.pool.PoolBase.newPoolEntry(PoolBase.java:202)
	at com.zaxxer.hikari.pool.HikariPool.createPoolEntry(HikariPool.java:473)
	at com.zaxxer.hikari.pool.HikariPool.checkFailFast(HikariPool.java:554)
	at com.zaxxer.hikari.pool.HikariPool.<init>(HikariPool.java:115)
	at com.zaxxer.hikari.HikariDataSource.<init>(HikariDataSource.java:81)
	at it.polito.tdp.ruzzle.db.DBConnect.getConnection(DBConnect.java:24)
	at it.polito.tdp.ruzzle.db.DizionarioDAO.listParola(DizionarioDAO.java:23)
	at it.polito.tdp.ruzzle.model.Model.<init>(Model.java:20)
	at it.polito.tdp.ruzzle.EntryPoint.start(EntryPoint.java:19)
	at com.sun.javafx.application.LauncherImpl.lambda$launchApplication1$9(LauncherImpl.java:846)
	at com.sun.javafx.application.PlatformImpl.lambda$runAndWait$12(PlatformImpl.java:455)
	at com.sun.javafx.application.PlatformImpl.lambda$runLater$10(PlatformImpl.java:428)
	at java.base/java.security.AccessController.doPrivileged(AccessController.java:391)
	at com.sun.javafx.application.PlatformImpl.lambda$runLater$11(PlatformImpl.java:427)
	at com.sun.glass.ui.InvokeLaterDispatcher$Future.run(InvokeLaterDispatcher.java:96)
Caused by: java.sql.SQLException: Unknown database 'dizionario'
	at org.mariadb.jdbc.internal.protocol.AbstractConnectProtocol.authenticationHandler(AbstractConnectProtocol.java:729)
	at org.mariadb.jdbc.internal.protocol.AbstractConnectProtocol.createConnection(AbstractConnectProtocol.java:507)
	at org.mariadb.jdbc.internal.protocol.AbstractConnectProtocol.connectWithoutProxy(AbstractConnectProtocol.java:1238)
	... 20 more
INFO JavaFX Application Thread com.zaxxer.hikari.HikariDataSource - HikariPool-1 - Starting...
INFO JavaFX Application Thread com.zaxxer.hikari.HikariDataSource - HikariPool-1 - Start completed.
INFO JavaFX Application Thread com.zaxxer.hikari.HikariDataSource - HikariPool-1 - Starting...
INFO JavaFX Application Thread com.zaxxer.hikari.HikariDataSource - HikariPool-1 - Start completed.
INFO JavaFX Application Thread com.zaxxer.hikari.HikariDataSource - HikariPool-1 - Starting...
INFO JavaFX Application Thread com.zaxxer.hikari.HikariDataSource - HikariPool-1 - Start completed.
INFO JavaFX Application Thread com.zaxxer.hikari.HikariDataSource - HikariPool-1 - Starting...
INFO JavaFX Application Thread com.zaxxer.hikari.HikariDataSource - HikariPool-1 - Start completed.
INFO JavaFX Application Thread com.zaxxer.hikari.HikariDataSource - HikariPool-1 - Starting...
INFO JavaFX Application Thread com.zaxxer.hikari.HikariDataSource - HikariPool-1 - Start completed.
INFO JavaFX Application Thread com.zaxxer.hikari.HikariDataSource - HikariPool-1 - Starting...
INFO JavaFX Application Thread com.zaxxer.hikari.HikariDataSource - HikariPool-1 - Start completed.
INFO JavaFX Application Thread com.zaxxer.hikari.HikariDataSource - HikariPool-1 - Starting...
INFO JavaFX Application Thread com.zaxxer.hikari.HikariDataSource - HikariPool-1 - Start completed.
INFO JavaFX Application Thread com.zaxxer.hikari.HikariDataSource - HikariPool-1 - Starting...
INFO JavaFX Application Thread com.zaxxer.hikari.HikariDataSource - HikariPool-1 - Start completed.
INFO JavaFX Application Thread com.zaxxer.hikari.HikariDataSource - HikariPool-1 - Starting...
INFO JavaFX Application Thread com.zaxxer.hikari.HikariDataSource - HikariPool-1 - Start completed.
INFO JavaFX Application Thread com.zaxxer.hikari.HikariDataSource - HikariPool-1 - Starting...
INFO JavaFX Application Thread com.zaxxer.hikari.HikariDataSource - HikariPool-1 - Start completed.
INFO JavaFX Application Thread com.zaxxer.hikari.HikariDataSource - HikariPool-1 - Starting...
INFO JavaFX Application Thread com.zaxxer.hikari.HikariDataSource - HikariPool-1 - Start completed.
INFO JavaFX Application Thread com.zaxxer.hikari.HikariDataSource - HikariPool-1 - Starting...
INFO JavaFX Application Thread com.zaxxer.hikari.HikariDataSource - HikariPool-1 - Start completed.
INFO JavaFX Application Thread com.zaxxer.hikari.HikariDataSource - HikariPool-1 - Starting...
INFO JavaFX Application Thread com.zaxxer.hikari.HikariDataSource - HikariPool-1 - Start completed.
INFO JavaFX Application Thread com.zaxxer.hikari.HikariDataSource - HikariPool-1 - Starting...
INFO JavaFX Application Thread com.zaxxer.hikari.HikariDataSource - HikariPool-1 - Start completed.
INFO JavaFX Application Thread com.zaxxer.hikari.HikariDataSource - HikariPool-1 - Starting...
INFO JavaFX Application Thread com.zaxxer.hikari.HikariDataSource - HikariPool-1 - Start completed.
INFO JavaFX Application Thread com.zaxxer.hikari.HikariDataSource - HikariPool-1 - Starting...
INFO JavaFX Application Thread com.zaxxer.hikari.HikariDataSource - HikariPool-1 - Start completed.
INFO JavaFX Application Thread com.zaxxer.hikari.HikariDataSource - HikariPool-1 - Starting...
INFO JavaFX Application Thread com.zaxxer.hikari.HikariDataSource - HikariPool-1 - Start completed.
WARN HikariPool-1 housekeeper com.zaxxer.hikari.pool.HikariPool - HikariPool-1 - Thread starvation or clock leap detected (housekeeper delta=2m8s853ms).
WARN HikariPool-1 housekeeper com.zaxxer.hikari.pool.HikariPool - HikariPool-1 - Thread starvation or clock leap detected (housekeeper delta=2m8s837ms).
INFO JavaFX Application Thread com.zaxxer.hikari.HikariDataSource - HikariPool-1 - Starting...
INFO JavaFX Application Thread com.zaxxer.hikari.HikariDataSource - HikariPool-1 - Start completed.
INFO JavaFX Application Thread com.zaxxer.hikari.HikariDataSource - HikariPool-1 - Starting...
INFO JavaFX Application Thread com.zaxxer.hikari.HikariDataSource - HikariPool-1 - Start completed.
INFO JavaFX Application Thread com.zaxxer.hikari.HikariDataSource - HikariPool-1 - Starting...
INFO JavaFX Application Thread com.zaxxer.hikari.HikariDataSource - HikariPool-1 - Start completed.
INFO JavaFX Application Thread com.zaxxer.hikari.HikariDataSource - HikariPool-1 - Starting...
INFO JavaFX Application Thread com.zaxxer.hikari.HikariDataSource - HikariPool-1 - Start completed.
INFO JavaFX Application Thread com.zaxxer.hikari.HikariDataSource - HikariPool-1 - Starting...
INFO JavaFX Application Thread com.zaxxer.hikari.HikariDataSource - HikariPool-1 - Start completed.
INFO JavaFX Application Thread com.zaxxer.hikari.HikariDataSource - HikariPool-1 - Starting...
INFO JavaFX Application Thread com.zaxxer.hikari.HikariDataSource - HikariPool-1 - Start completed.
INFO JavaFX Application Thread com.zaxxer.hikari.HikariDataSource - HikariPool-1 - Starting...
INFO JavaFX Application Thread com.zaxxer.hikari.HikariDataSource - HikariPool-1 - Start completed.
INFO JavaFX Application Thread com.zaxxer.hikari.HikariDataSource - HikariPool-1 - Starting...
INFO JavaFX Application Thread com.zaxxer.hikari.HikariDataSource - HikariPool-1 - Start completed.
INFO JavaFX Application Thread com.zaxxer.hikari.HikariDataSource - HikariPool-1 - Starting...
INFO JavaFX Application Thread com.zaxxer.hikari.HikariDataSource - HikariPool-1 - Start completed.
INFO JavaFX Application Thread com.zaxxer.hikari.HikariDataSource - HikariPool-1 - Starting...
INFO JavaFX Application Thread com.zaxxer.hikari.HikariDataSource - HikariPool-1 - Start completed.
INFO JavaFX Application Thread com.zaxxer.hikari.HikariDataSource - HikariPool-1 - Starting...
INFO JavaFX Application Thread com.zaxxer.hikari.HikariDataSource - HikariPool-1 - Start completed.
INFO JavaFX Application Thread com.zaxxer.hikari.HikariDataSource - HikariPool-1 - Starting...
INFO JavaFX Application Thread com.zaxxer.hikari.HikariDataSource - HikariPool-1 - Start completed.
INFO JavaFX Application Thread com.zaxxer.hikari.HikariDataSource - HikariPool-1 - Starting...
INFO JavaFX Application Thread com.zaxxer.hikari.HikariDataSource - HikariPool-1 - Start completed.
INFO JavaFX Application Thread com.zaxxer.hikari.HikariDataSource - HikariPool-1 - Starting...
INFO JavaFX Application Thread com.zaxxer.hikari.HikariDataSource - HikariPool-1 - Start completed.
WARN HikariPool-1 housekeeper com.zaxxer.hikari.pool.HikariPool - HikariPool-1 - Thread starvation or clock leap detected (housekeeper delta=10m24s68ms).
WARN HikariPool-1 housekeeper com.zaxxer.hikari.pool.HikariPool - HikariPool-1 - Thread starvation or clock leap detected (housekeeper delta=10m24s65ms).
INFO JavaFX Application Thread com.zaxxer.hikari.HikariDataSource - HikariPool-1 - Starting...
INFO JavaFX Application Thread com.zaxxer.hikari.HikariDataSource - HikariPool-1 - Start completed.
WARN HikariPool-1 housekeeper com.zaxxer.hikari.pool.HikariPool - HikariPool-1 - Thread starvation or clock leap detected (housekeeper delta=10m24s55ms).
INFO JavaFX Application Thread com.zaxxer.hikari.HikariDataSource - HikariPool-1 - Starting...
INFO JavaFX Application Thread com.zaxxer.hikari.HikariDataSource - HikariPool-1 - Start completed.
INFO JavaFX Application Thread com.zaxxer.hikari.HikariDataSource - HikariPool-1 - Starting...
INFO JavaFX Application Thread com.zaxxer.hikari.HikariDataSource - HikariPool-1 - Start completed.
WARN HikariPool-1 housekeeper com.zaxxer.hikari.pool.HikariPool - HikariPool-1 - Thread starvation or clock leap detected (housekeeper delta=2m58s537ms).
WARN HikariPool-1 housekeeper com.zaxxer.hikari.pool.HikariPool - HikariPool-1 - Thread starvation or clock leap detected (housekeeper delta=2m58s538ms).
INFO JavaFX Application Thread com.zaxxer.hikari.HikariDataSource - HikariPool-1 - Starting...
INFO JavaFX Application Thread com.zaxxer.hikari.HikariDataSource - HikariPool-1 - Start completed.
WARN HikariPool-1 housekeeper com.zaxxer.hikari.pool.HikariPool - HikariPool-1 - Thread starvation or clock leap detected (housekeeper delta=2m58s553ms).
INFO JavaFX Application Thread com.zaxxer.hikari.HikariDataSource - HikariPool-1 - Starting...
INFO JavaFX Application Thread com.zaxxer.hikari.HikariDataSource - HikariPool-1 - Start completed.
INFO JavaFX Application Thread com.zaxxer.hikari.HikariDataSource - HikariPool-1 - Starting...
INFO JavaFX Application Thread com.zaxxer.hikari.HikariDataSource - HikariPool-1 - Start completed.
WARN HikariPool-1 housekeeper com.zaxxer.hikari.pool.HikariPool - HikariPool-1 - Thread starvation or clock leap detected (housekeeper delta=4m48s870ms).
WARN HikariPool-1 housekeeper com.zaxxer.hikari.pool.HikariPool - HikariPool-1 - Thread starvation or clock leap detected (housekeeper delta=4m48s644ms).
WARN HikariPool-1 housekeeper com.zaxxer.hikari.pool.HikariPool - HikariPool-1 - Thread starvation or clock leap detected (housekeeper delta=4m48s651ms).
WARN HikariPool-1 housekeeper com.zaxxer.hikari.pool.HikariPool - HikariPool-1 - Thread starvation or clock leap detected (housekeeper delta=4m48s661ms).
INFO JavaFX Application Thread com.zaxxer.hikari.HikariDataSource - HikariPool-1 - Starting...
INFO JavaFX Application Thread com.zaxxer.hikari.HikariDataSource - HikariPool-1 - Start completed.
WARN HikariPool-1 housekeeper com.zaxxer.hikari.pool.HikariPool - HikariPool-1 - Thread starvation or clock leap detected (housekeeper delta=1m56s622ms).
WARN HikariPool-1 housekeeper com.zaxxer.hikari.pool.HikariPool - HikariPool-1 - Thread starvation or clock leap detected (housekeeper delta=1m56s616ms).
WARN HikariPool-1 housekeeper com.zaxxer.hikari.pool.HikariPool - HikariPool-1 - Thread starvation or clock leap detected (housekeeper delta=1m56s617ms).
WARN HikariPool-1 housekeeper com.zaxxer.hikari.pool.HikariPool - HikariPool-1 - Thread starvation or clock leap detected (housekeeper delta=1m56s615ms).
WARN HikariPool-1 housekeeper com.zaxxer.hikari.pool.HikariPool - HikariPool-1 - Thread starvation or clock leap detected (housekeeper delta=1m56s611ms).
WARN HikariPool-1 housekeeper com.zaxxer.hikari.pool.HikariPool - HikariPool-1 - Thread starvation or clock leap detected (housekeeper delta=22m1s956ms).
WARN HikariPool-1 housekeeper com.zaxxer.hikari.pool.HikariPool - HikariPool-1 - Thread starvation or clock leap detected (housekeeper delta=22m1s964ms).
WARN HikariPool-1 housekeeper com.zaxxer.hikari.pool.HikariPool - HikariPool-1 - Thread starvation or clock leap detected (housekeeper delta=22m1s966ms).
WARN HikariPool-1 housekeeper com.zaxxer.hikari.pool.HikariPool - HikariPool-1 - Thread starvation or clock leap detected (housekeeper delta=22m1s967ms).
INFO JavaFX Application Thread com.zaxxer.hikari.HikariDataSource - HikariPool-1 - Starting...
INFO JavaFX Application Thread com.zaxxer.hikari.HikariDataSource - HikariPool-1 - Start completed.
WARN HikariPool-1 housekeeper com.zaxxer.hikari.pool.HikariPool - HikariPool-1 - Thread starvation or clock leap detected (housekeeper delta=22m1s960ms).
INFO JavaFX Application Thread com.zaxxer.hikari.HikariDataSource - HikariPool-1 - Starting...
INFO JavaFX Application Thread com.zaxxer.hikari.HikariDataSource - HikariPool-1 - Start completed.
INFO JavaFX Application Thread com.zaxxer.hikari.HikariDataSource - HikariPool-1 - Starting...
INFO JavaFX Application Thread com.zaxxer.hikari.HikariDataSource - HikariPool-1 - Start completed.
INFO JavaFX Application Thread com.zaxxer.hikari.HikariDataSource - HikariPool-1 - Starting...
INFO JavaFX Application Thread com.zaxxer.hikari.HikariDataSource - HikariPool-1 - Start completed.
INFO JavaFX Application Thread com.zaxxer.hikari.HikariDataSource - HikariPool-1 - Starting...
INFO JavaFX Application Thread com.zaxxer.hikari.HikariDataSource - HikariPool-1 - Start completed.
INFO JavaFX Application Thread com.zaxxer.hikari.HikariDataSource - HikariPool-1 - Starting...
INFO JavaFX Application Thread com.zaxxer.hikari.HikariDataSource - HikariPool-1 - Start completed.
INFO JavaFX Application Thread com.zaxxer.hikari.HikariDataSource - HikariPool-1 - Starting...
INFO JavaFX Application Thread com.zaxxer.hikari.HikariDataSource - HikariPool-1 - Start completed.
INFO JavaFX Application Thread com.zaxxer.hikari.HikariDataSource - HikariPool-1 - Starting...
INFO JavaFX Application Thread com.zaxxer.hikari.HikariDataSource - HikariPool-1 - Start completed.
INFO JavaFX Application Thread com.zaxxer.hikari.HikariDataSource - HikariPool-1 - Starting...
INFO JavaFX Application Thread com.zaxxer.hikari.HikariDataSource - HikariPool-1 - Start completed.
INFO JavaFX Application Thread com.zaxxer.hikari.HikariDataSource - HikariPool-1 - Starting...
INFO JavaFX Application Thread com.zaxxer.hikari.HikariDataSource - HikariPool-1 - Start completed.
INFO JavaFX Application Thread com.zaxxer.hikari.HikariDataSource - HikariPool-1 - Starting...
INFO JavaFX Application Thread com.zaxxer.hikari.HikariDataSource - HikariPool-1 - Start completed.
INFO JavaFX Application Thread com.zaxxer.hikari.HikariDataSource - HikariPool-1 - Starting...
INFO JavaFX Application Thread com.zaxxer.hikari.HikariDataSource - HikariPool-1 - Start completed.
